<?xml version="1.0" encoding="UTF-8"?>
<!-- Generated by org.testng.reporters.JUnitReportReporter -->
<testsuite hostname="DESKTOP-P522IGM" failures="0" tests="1" name="TestCases.Test3" time="13.704" errors="0" timestamp="2021-11-20T16:41:18 IST" skipped="0">
  <testcase classname="TestCases.Test3" name="citySearch" time="13.704"/>
  <system-out/>
</testsuite> <!-- TestCases.Test3 -->
