<?xml version="1.0" encoding="UTF-8"?>
<!-- Generated by org.testng.reporters.JUnitReportReporter -->
<testsuite hostname="DESKTOP-P522IGM" failures="0" tests="1" name="TestCases.Test1" time="49.394" errors="0" timestamp="2021-11-19T20:03:08 IST" skipped="0">
  <testcase classname="TestCases.Test1" name="search" time="49.394"/>
  <system-out/>
</testsuite> <!-- TestCases.Test1 -->
