<?xml version="1.0" encoding="UTF-8"?>
<!-- Generated by org.testng.reporters.JUnitReportReporter -->
<testsuite hostname="DESKTOP-P522IGM" failures="0" tests="1" name="TestCases.Test2" time="37.106" errors="0" timestamp="2021-11-20T18:43:01 IST" skipped="0">
  <testcase classname="TestCases.Test2" name="eventsLink" time="37.106"/>
  <system-out/>
</testsuite> <!-- TestCases.Test2 -->
