<?xml version="1.0" encoding="UTF-8"?>
<!-- Generated by org.testng.reporters.JUnitReportReporter -->
<testsuite hostname="DESKTOP-P522IGM" failures="0" tests="1" name="TestCases.Test1" time="39.407" errors="0" timestamp="2021-11-20T18:43:01 IST" skipped="0">
  <testcase classname="TestCases.Test1" name="search" time="39.407"/>
  <system-out/>
</testsuite> <!-- TestCases.Test1 -->
